<?xml version="1.0" encoding="UTF-8"?>
<!-- Generated by org.testng.reporters.JUnitReportReporter -->
<testsuite hostname="Kunal-Laptop" name="testGmail" tests="2" failures="0" timestamp="30 Oct 2014 00:00:38 GMT" time="332.068" errors="0">
  <testcase name="doLogin" time="322.042" classname="testGmail"/>
  <testcase name="doLogin" time="10.026" classname="testGmail"/>
</testsuite> <!-- testGmail -->
