<?xml version="1.0" encoding="UTF-8"?>
<!-- Generated by org.testng.reporters.JUnitReportReporter -->
<testsuite hostname="Selenium-W2A" name="testcases.Google_Search" tests="2" failures="0" timestamp="12 Dec 2013 20:37:22 GMT" time="26.788" errors="0">
  <testcase name="searchTest" time="11.009" classname="testcases.Google_Search"/>
  <testcase name="searchTest" time="15.779" classname="testcases.Google_Search"/>
</testsuite> <!-- testcases.Google_Search -->
