<?xml version="1.0" encoding="UTF-8"?>
<!-- Generated by org.testng.reporters.JUnitReportReporter -->
<testsuite hostname="Selenium-W2A" name="testcases.Dropbox" tests="2" failures="0" timestamp="12 Dec 2013 20:37:22 GMT" time="23.920" errors="0">
  <testcase name="dropBox" time="11.960" classname="testcases.Dropbox"/>
  <testcase name="dropBox" time="11.960" classname="testcases.Dropbox"/>
</testsuite> <!-- testcases.Dropbox -->
