<?xml version="1.0" encoding="UTF-8"?>
<!-- Generated by org.testng.reporters.JUnitReportReporter -->
<testsuite hostname="Kunal-Laptop" name="testSample" tests="1" failures="0" timestamp="30 Oct 2014 00:15:35 GMT" time="12.051" errors="0">
  <testcase name="testLogin" time="12.051" classname="testSample"/>
</testsuite> <!-- testSample -->
