<?xml version="1.0" encoding="UTF-8"?>
<!-- Generated by org.testng.reporters.JUnitReportReporter -->
<testsuite hostname="Kunal-Laptop" name="testSampleFinal" tests="3" failures="0" timestamp="30 Oct 2014 17:29:33 GMT" time="241.538" errors="0">
  <testcase name="testLogin" time="214.312" classname="testSampleFinal"/>
  <testcase name="testLogin" time="16.777" classname="testSampleFinal"/>
  <testcase name="testLogin" time="10.449" classname="testSampleFinal"/>
</testsuite> <!-- testSampleFinal -->
